
--- Job findMustL.gms Start 04/22/23 15:21:17 42.5.0 cf11b917 LEX-LEG x86 64bit/Linux
--- Applying:
    /home/tato/GAMS/gams42.5_linux_x64_64_sfx/gmsprmun.txt
--- GAMS Parameters defined
    Input "/home/tato/Documentos/GitHub/tesis-repo/GAMS files/findMustL.gms"
    PageSize 0
    ScrDir "/home/tato/Documentos/GitHub/tesis-repo/GAMS files/225a/"
    SysDir /home/tato/GAMS/gams42.5_linux_x64_64_sfx/
    LogOption 3
    ErrMsg 1
    ErrorLog 99
    IDE 1
    LstTitleLeftAligned 1
Licensee: GAMS Demo license for Ricardo Angel            G230419|0002CO-GEN
          Universidad de los Andes, Colombia                       DL090448
          /home/tato/GAMS/gams42.5_linux_x64_64_sfx/gamslice.txt
          ra.angel10@uniandes.edu.co, Ricardo Angel                        
          Demo license for demonstration and instructional purposes only
Processor information: 1 socket(s), 8 core(s), and 16 thread(s) available
GAMS 42.5.0   Copyright (C) 1987-2023 GAMS Development. All rights reserved
--- Starting compilation
--- findMustL.gms(73) 2 Mb
--- . Metabolites.txt(1235) 3 Mb
--- findMustL.gms(76) 3 Mb
--- . Reactions.txt(1587) 3 Mb
--- findMustL.gms(81) 3 Mb
--- . Constraints.txt(5) 3 Mb
--- findMustL.gms(114) 3 Mb
--- GDXin=/home/tato/Documentos/GitHub/tesis-repo/GAMS files/testGDXMRW.gdx
--- GDX File ($gdxIn) /home/tato/Documentos/GitHub/tesis-repo/GAMS files/testGDXMRW.gdx
--- findMustL.gms(323) 4 Mb
--- Starting execution: elapsed 0:00:00.005
--- findMustL.gms(3136) 5 Mb
--- Generating MIP model bilevel_down
--- findMustL.gms(3137) 8 Mb
--- LOOPS FOR/WHILE = 1
---   12,331 rows  9,156 columns  44,863 non-zeroes
---   1,585 discrete-columns
--- Range statistics (absolute non-zero finite values)
--- RHS       [min, max] : [ 5.000E-01, 1.000E+06] - Zero values observed as well
--- Bound     [min, max] : [ 1.000E+00, 1.000E+00] - Zero values observed as well
--- Matrix    [min, max] : [ 7.335E-17, 1.000E+06] - Zero values observed as well
*** The model exceeds the demo license limits for linear models of more than 2000 rows or columns
    As an academic user, you can submit large models to the NEOS service for free (see https://www.gams.com/neos)
    Alternatively, feel free to contact sales@gams.com to discuss your options
*** Status: Terminated due to a licensing error
***         License file: /home/tato/GAMS/gams42.5_linux_x64_64_sfx/gamslice.txt
***         Inspect listing file for more information.
--- Job findMustL.gms Stop 04/22/23 15:21:18 elapsed 0:00:00.279
